gplink-1.3.0 #1017 (Sep 21 2014)
Copyright (c) 1998-2014 gputils project
Listing File Generated: 9-21-2014  19:40:19
 
 
Address  Value    Disassembly              Source
-------  -----    -----------              ------
                                           ;--------------------------------------------------------
                                           ; File Created by SDCC : free open source ANSI-C Compiler
                                           ; Version 3.4.1 #9075 (Sep 21 2014) (Linux)
                                           ; This file was generated Sun Sep 21 19:40:19 2014
                                           ;--------------------------------------------------------
                                           ; PIC16 port for the Microchip 16-bit core micros
                                           ;--------------------------------------------------------
                                           	list	p=18f4550
                                           	radix	dec
                                           	CONFIG	PLLDIV=5
                                           	CONFIG	CPUDIV=OSC1_PLL2
                                           	CONFIG	USBDIV=2
                                           	CONFIG	FOSC=HSPLL_HS
                                           	CONFIG	VREGEN=ON
                                           	CONFIG	WDT=OFF
                                           	CONFIG	PBADEN=OFF
                                           	CONFIG	XINST=OFF
                                           	CONFIG	LVP=OFF
                                           	CONFIG	CP0=OFF
                                           
                                           
                                           ;--------------------------------------------------------
                                           ; public variables in this module
                                           ;--------------------------------------------------------
                                           	global	_main
                                           
                                           ;--------------------------------------------------------
                                           ; extern variables in this module
                                           ;--------------------------------------------------------
                                           	extern	_SPPCFGbits
                                           	extern	_SPPEPSbits
                                           	extern	_SPPCONbits
                                           	extern	_UFRMLbits
                                           	extern	_UFRMHbits
                                           	extern	_UIRbits
                                           	extern	_UIEbits
                                           	extern	_UEIRbits
                                           	extern	_UEIEbits
                                           	extern	_USTATbits
                                           	extern	_UCONbits
                                           	extern	_UADDRbits
                                           	extern	_UCFGbits
                                           	extern	_UEP0bits
                                           	extern	_UEP1bits
                                           	extern	_UEP2bits
                                           	extern	_UEP3bits
                                           	extern	_UEP4bits
                                           	extern	_UEP5bits
                                           	extern	_UEP6bits
                                           	extern	_UEP7bits
                                           	extern	_UEP8bits
                                           	extern	_UEP9bits
                                           	extern	_UEP10bits
                                           	extern	_UEP11bits
                                           	extern	_UEP12bits
                                           	extern	_UEP13bits
                                           	extern	_UEP14bits
                                           	extern	_UEP15bits
                                           	extern	_PORTAbits
                                           	extern	_PORTBbits
                                           	extern	_PORTCbits
                                           	extern	_PORTDbits
                                           	extern	_PORTEbits
                                           	extern	_LATAbits
                                           	extern	_LATBbits
                                           	extern	_LATCbits
                                           	extern	_LATDbits
                                           	extern	_LATEbits
                                           	extern	_DDRAbits
                                           	extern	_TRISAbits
                                           	extern	_DDRBbits
                                           	extern	_TRISBbits
                                           	extern	_DDRCbits
                                           	extern	_TRISCbits
                                           	extern	_DDRDbits
                                           	extern	_TRISDbits
                                           	extern	_DDREbits
                                           	extern	_TRISEbits
                                           	extern	_OSCTUNEbits
                                           	extern	_PIE1bits
                                           	extern	_PIR1bits
                                           	extern	_IPR1bits
                                           	extern	_PIE2bits
                                           	extern	_PIR2bits
                                           	extern	_IPR2bits
                                           	extern	_EECON1bits
                                           	extern	_RCSTAbits
                                           	extern	_TXSTAbits
                                           	extern	_T3CONbits
                                           	extern	_CMCONbits
                                           	extern	_CVRCONbits
                                           	extern	_CCP1ASbits
                                           	extern	_ECCP1ASbits
                                           	extern	_CCP1DELbits
                                           	extern	_ECCP1DELbits
                                           	extern	_BAUDCONbits
                                           	extern	_BAUDCTLbits
                                           	extern	_CCP2CONbits
                                           	extern	_CCP1CONbits
                                           	extern	_ECCP1CONbits
                                           	extern	_ADCON2bits
                                           	extern	_ADCON1bits
                                           	extern	_ADCON0bits
                                           	extern	_SSPCON2bits
                                           	extern	_SSPCON1bits
                                           	extern	_SSPSTATbits
                                           	extern	_T2CONbits
                                           	extern	_T1CONbits
                                           	extern	_RCONbits
                                           	extern	_WDTCONbits
                                           	extern	_HLVDCONbits
                                           	extern	_LVDCONbits
                                           	extern	_OSCCONbits
                                           	extern	_T0CONbits
                                           	extern	_STATUSbits
                                           	extern	_INTCON3bits
                                           	extern	_INTCON2bits
                                           	extern	_INTCONbits
                                           	extern	_STKPTRbits
                                           	extern	_SPPDATA
                                           	extern	_SPPCFG
                                           	extern	_SPPEPS
                                           	extern	_SPPCON
                                           	extern	_UFRM
                                           	extern	_UFRML
                                           	extern	_UFRMH
                                           	extern	_UIR
                                           	extern	_UIE
                                           	extern	_UEIR
                                           	extern	_UEIE
                                           	extern	_USTAT
                                           	extern	_UCON
                                           	extern	_UADDR
                                           	extern	_UCFG
                                           	extern	_UEP0
                                           	extern	_UEP1
                                           	extern	_UEP2
                                           	extern	_UEP3
                                           	extern	_UEP4
                                           	extern	_UEP5
                                           	extern	_UEP6
                                           	extern	_UEP7
                                           	extern	_UEP8
                                           	extern	_UEP9
                                           	extern	_UEP10
                                           	extern	_UEP11
                                           	extern	_UEP12
                                           	extern	_UEP13
                                           	extern	_UEP14
                                           	extern	_UEP15
                                           	extern	_PORTA
                                           	extern	_PORTB
                                           	extern	_PORTC
                                           	extern	_PORTD
                                           	extern	_PORTE
                                           	extern	_LATA
                                           	extern	_LATB
                                           	extern	_LATC
                                           	extern	_LATD
                                           	extern	_LATE
                                           	extern	_DDRA
                                           	extern	_TRISA
                                           	extern	_DDRB
                                           	extern	_TRISB
                                           	extern	_DDRC
                                           	extern	_TRISC
                                           	extern	_DDRD
                                           	extern	_TRISD
                                           	extern	_DDRE
                                           	extern	_TRISE
                                           	extern	_OSCTUNE
                                           	extern	_PIE1
                                           	extern	_PIR1
                                           	extern	_IPR1
                                           	extern	_PIE2
                                           	extern	_PIR2
                                           	extern	_IPR2
                                           	extern	_EECON1
                                           	extern	_EECON2
                                           	extern	_EEDATA
                                           	extern	_EEADR
                                           	extern	_RCSTA
                                           	extern	_TXSTA
                                           	extern	_TXREG
                                           	extern	_RCREG
                                           	extern	_SPBRG
                                           	extern	_SPBRGH
                                           	extern	_T3CON
                                           	extern	_TMR3
                                           	extern	_TMR3L
                                           	extern	_TMR3H
                                           	extern	_CMCON
                                           	extern	_CVRCON
                                           	extern	_CCP1AS
                                           	extern	_ECCP1AS
                                           	extern	_CCP1DEL
                                           	extern	_ECCP1DEL
                                           	extern	_BAUDCON
                                           	extern	_BAUDCTL
                                           	extern	_CCP2CON
                                           	extern	_CCPR2
                                           	extern	_CCPR2L
                                           	extern	_CCPR2H
                                           	extern	_CCP1CON
                                           	extern	_ECCP1CON
                                           	extern	_CCPR1
                                           	extern	_CCPR1L
                                           	extern	_CCPR1H
                                           	extern	_ADCON2
                                           	extern	_ADCON1
                                           	extern	_ADCON0
                                           	extern	_ADRES
                                           	extern	_ADRESL
                                           	extern	_ADRESH
                                           	extern	_SSPCON2
                                           	extern	_SSPCON1
                                           	extern	_SSPSTAT
                                           	extern	_SSPADD
                                           	extern	_SSPBUF
                                           	extern	_T2CON
                                           	extern	_PR2
                                           	extern	_TMR2
                                           	extern	_T1CON
                                           	extern	_TMR1
                                           	extern	_TMR1L
                                           	extern	_TMR1H
                                           	extern	_RCON
                                           	extern	_WDTCON
                                           	extern	_HLVDCON
                                           	extern	_LVDCON
                                           	extern	_OSCCON
                                           	extern	_T0CON
                                           	extern	_TMR0
                                           	extern	_TMR0L
                                           	extern	_TMR0H
                                           	extern	_STATUS
                                           	extern	_FSR2L
                                           	extern	_FSR2H
                                           	extern	_PLUSW2
                                           	extern	_PREINC2
                                           	extern	_POSTDEC2
                                           	extern	_POSTINC2
                                           	extern	_INDF2
                                           	extern	_BSR
                                           	extern	_FSR1L
                                           	extern	_FSR1H
                                           	extern	_PLUSW1
                                           	extern	_PREINC1
                                           	extern	_POSTDEC1
                                           	extern	_POSTINC1
                                           	extern	_INDF1
                                           	extern	_WREG
                                           	extern	_FSR0L
                                           	extern	_FSR0H
                                           	extern	_PLUSW0
                                           	extern	_PREINC0
                                           	extern	_POSTDEC0
                                           	extern	_POSTINC0
                                           	extern	_INDF0
                                           	extern	_INTCON3
                                           	extern	_INTCON2
                                           	extern	_INTCON
                                           	extern	_PROD
                                           	extern	_PRODL
                                           	extern	_PRODH
                                           	extern	_TABLAT
                                           	extern	_TBLPTR
                                           	extern	_TBLPTRL
                                           	extern	_TBLPTRH
                                           	extern	_TBLPTRU
                                           	extern	_PC
                                           	extern	_PCL
                                           	extern	_PCLATH
                                           	extern	_PCLATU
                                           	extern	_STKPTR
                                           	extern	_TOS
                                           	extern	_TOSL
                                           	extern	_TOSH
                                           	extern	_TOSU
                                           	extern	_delay1mtcy
                                           
                                           ;--------------------------------------------------------
                                           ;	Equates to used internal registers
                                           ;--------------------------------------------------------
                                           STATUS	equ	0xfd8
                                           PRODL	equ	0xff3
                                           
                                           
                                           ; Internal registers
                                           .registers	udata_ovr	0x0000
                                           r0x00	res	1
                                           
                                           ;--------------------------------------------------------
                                           ; interrupt vector
                                           ;--------------------------------------------------------
                                           
                                           ;--------------------------------------------------------
                                           ; global & static initialisations
                                           ;--------------------------------------------------------
                                           ; I code from now on!
                                           ; ; Starting pCode block
                                           S_main__main	code
                                           _main:
                                           ;	.line	22; main.c	unsigned char chenille=1;
000176   0e01     movlw   0x1              	MOVLW	0x01
000178   6e00     movwf   0, 0             	MOVWF	r0x00
                                           ;	.line	25; main.c	TRISD=0;
00017a   6a95     clrf    0x95, 0          	CLRF	_TRISD
                                           ;	.line	26; main.c	TRISB=0;
00017c   6a93     clrf    0x93, 0          	CLRF	_TRISB
                                           ;	.line	27; main.c	LATB=1;
00017e   0e01     movlw   0x1              	MOVLW	0x01
000180   6e8a     movwf   0x8a, 0          	MOVWF	_LATB
                                           ;	.line	28; main.c	LATD=1;
000182   0e01     movlw   0x1              	MOVLW	0x01
000184   6e8c     movwf   0x8c, 0          	MOVWF	_LATD
                                           ;	.line	29; main.c	delay1mtcy(5);     // wait for 0.5 sec (1 cycle = 4 clock tops; oscillator conf is on 48MHz)
000186   0e05     movlw   0x5              	MOVLW	0x05
000188   ec02     call    0x4, 0           	CALL	_delay1mtcy
00018a   f000
                                           _00105_DS_:
                                           ;	.line	32; main.c	while (chenille!= 0x80){
00018c   5000     movf    0, 0, 0          	MOVF	r0x00, W
00018e   0a80     xorlw   0x80             	XORLW	0x80
000190   e00a     bz      0x1a6            	BZ	_00108_DS_
                                           ; ;multiply lit val:0x02 by variable r0x00 and store in r0x00
                                           ;	.line	33; main.c	chenille *=2;      // shift the bit
000192   5000     movf    0, 0, 0          	MOVF	r0x00, W
000194   0d02     mullw   0x2              	MULLW	0x02
000196   cff3     movff   0xff3, 0         	MOVFF	PRODL, r0x00
000198   f000
                                           ;	.line	35; main.c	LATD = chenille;   // light the leds
00019a   c000     movff   0, 0xf8c         	MOVFF	r0x00, _LATD
00019c   ff8c
                                           ;	.line	36; main.c	delay1mtcy(5);     // wait for 0.5 sec (1 cycle = 4 clock tops; oscillator conf is on 48MHz)
00019e   0e05     movlw   0x5              	MOVLW	0x05
0001a0   ec02     call    0x4, 0           	CALL	_delay1mtcy
0001a2   f000
0001a4   d7f3     bra     0x18c            	BRA	_00105_DS_
                                           _00108_DS_:
                                           ;	.line	39; main.c	while (chenille!= 0x01){
0001a6   5000     movf    0, 0, 0          	MOVF	r0x00, W
0001a8   0a01     xorlw   0x1              	XORLW	0x01
0001aa   e0f0     bz      0x18c            	BZ	_00105_DS_
                                           ;	.line	40; main.c	chenille /=2;      // shift the bit
0001ac   90d8     bcf     0xd8, 0, 0       	BCF	STATUS, 0
0001ae   3200     rrcf    0, 0x1, 0        	RRCF	r0x00, F
                                           ;	.line	42; main.c	LATD = chenille;   // light the leds
0001b0   c000     movff   0, 0xf8c         	MOVFF	r0x00, _LATD
0001b2   ff8c
                                           ;	.line	43; main.c	delay1mtcy(5);     // wait for 0.5 sec (1 cycle = 4 clock tops; oscillator conf is on 48MHz)
0001b4   0e05     movlw   0x5              	MOVLW	0x05
0001b6   ec02     call    0x4, 0           	CALL	_delay1mtcy
0001b8   f000
0001ba   d7f5     bra     0x1a6            	BRA	_00108_DS_
0001bc   0012     return  0                	RETURN	
                                           
                                           
                                           
                                           ; Statistics:
                                           ; code size:	   72 (0x0048) bytes ( 0.05%)
                                           ;           	   36 (0x0024) words
                                           ; udata size:	    0 (0x0000) bytes ( 0.00%)
                                           ; access size:	    1 (0x0001) bytes
                                           
                                           
                                           	end
                                           ;--------------------------------------------------------------------------
                                           ;  p18fxxx.inc
                                           ;
                                           ;  Copyright (C) 2005, Vangelis Rokas <vrokas AT otenet.gr>
                                           ;
                                           ;  This library is free software; you can redistribute it and/or modify it
                                           ;  under the terms of the GNU General Public License as published by the
                                           ;  Free Software Foundation; either version 2, or (at your option) any
                                           ;  later version.
                                           ;
                                           ;  This library is distributed in the hope that it will be useful,
                                           ;  but WITHOUT ANY WARRANTY; without even the implied warranty of
                                           ;  MERCHANTABILITY or FITNESS FOR A PARTICULAR PURPOSE. See the
                                           ;  GNU General Public License for more details.
                                           ;
                                           ;  You should have received a copy of the GNU General Public License 
                                           ;  along with this library; see the file COPYING. If not, write to the
                                           ;  Free Software Foundation, 51 Franklin Street, Fifth Floor, Boston,
                                           ;   MA 02110-1301, USA.
                                           ;
                                           ;  As a special exception, if you link this library with other files,
                                           ;  some of which are compiled with SDCC, to produce an executable,
                                           ;  this library does not by itself cause the resulting executable to
                                           ;  be covered by the GNU General Public License. This exception does
                                           ;  not however invalidate any other reasons why the executable file
                                           ;  might be covered by the GNU General Public License.
                                           ;--------------------------------------------------------------------------
                                           
                                           #ifndef __P18FXXX__
                                           #define	__P18FXXX__	1
                                           
                                           
                                           		list	r=dec, n=96, st=off, mm=off
                                           
                                           	        nolist
                                           #endif
                                           ;--------------------------------------------------------------------------
                                           ;  p18fxxx.inc
                                           ;
                                           ;  Copyright (C) 2005, Vangelis Rokas <vrokas AT otenet.gr>
                                           ;
                                           ;  This library is free software; you can redistribute it and/or modify it
                                           ;  under the terms of the GNU General Public License as published by the
                                           ;  Free Software Foundation; either version 2, or (at your option) any
                                           ;  later version.
                                           ;
                                           ;  This library is distributed in the hope that it will be useful,
                                           ;  but WITHOUT ANY WARRANTY; without even the implied warranty of
                                           ;  MERCHANTABILITY or FITNESS FOR A PARTICULAR PURPOSE. See the
                                           ;  GNU General Public License for more details.
                                           ;
                                           ;  You should have received a copy of the GNU General Public License 
                                           ;  along with this library; see the file COPYING. If not, write to the
                                           ;  Free Software Foundation, 51 Franklin Street, Fifth Floor, Boston,
                                           ;   MA 02110-1301, USA.
                                           ;
                                           ;  As a special exception, if you link this library with other files,
                                           ;  some of which are compiled with SDCC, to produce an executable,
                                           ;  this library does not by itself cause the resulting executable to
                                           ;  be covered by the GNU General Public License. This exception does
                                           ;  not however invalidate any other reasons why the executable file
                                           ;  might be covered by the GNU General Public License.
                                           ;--------------------------------------------------------------------------
                                           
                                           #ifndef __P18FXXX__
                                           #define	__P18FXXX__	1
                                           
                                           
                                           		list	r=dec, n=96, st=off, mm=off
                                           
                                           	        nolist
                                           #endif
                                           ;--------------------------------------------------------------------------
                                           ;  p18fxxx.inc
                                           ;
                                           ;  Copyright (C) 2005, Vangelis Rokas <vrokas AT otenet.gr>
                                           ;
                                           ;  This library is free software; you can redistribute it and/or modify it
                                           ;  under the terms of the GNU General Public License as published by the
                                           ;  Free Software Foundation; either version 2, or (at your option) any
                                           ;  later version.
                                           ;
                                           ;  This library is distributed in the hope that it will be useful,
                                           ;  but WITHOUT ANY WARRANTY; without even the implied warranty of
                                           ;  MERCHANTABILITY or FITNESS FOR A PARTICULAR PURPOSE. See the
                                           ;  GNU General Public License for more details.
                                           ;
                                           ;  You should have received a copy of the GNU General Public License 
                                           ;  along with this library; see the file COPYING. If not, write to the
                                           ;  Free Software Foundation, 51 Franklin Street, Fifth Floor, Boston,
                                           ;   MA 02110-1301, USA.
                                           ;
                                           ;  As a special exception, if you link this library with other files,
                                           ;  some of which are compiled with SDCC, to produce an executable,
                                           ;  this library does not by itself cause the resulting executable to
                                           ;  be covered by the GNU General Public License. This exception does
                                           ;  not however invalidate any other reasons why the executable file
                                           ;  might be covered by the GNU General Public License.
                                           ;--------------------------------------------------------------------------
                                           
                                           #ifndef __P18FXXX__
                                           #define	__P18FXXX__	1
                                           
                                           
                                           		list	r=dec, n=96, st=off, mm=off
                                           
                                           	        nolist
                                           #endif
                                           ;--------------------------------------------------------------------------
                                           ;  p18fxxx.inc
                                           ;
                                           ;  Copyright (C) 2005, Vangelis Rokas <vrokas AT otenet.gr>
                                           ;
                                           ;  This library is free software; you can redistribute it and/or modify it
                                           ;  under the terms of the GNU General Public License as published by the
                                           ;  Free Software Foundation; either version 2, or (at your option) any
                                           ;  later version.
                                           ;
                                           ;  This library is distributed in the hope that it will be useful,
                                           ;  but WITHOUT ANY WARRANTY; without even the implied warranty of
                                           ;  MERCHANTABILITY or FITNESS FOR A PARTICULAR PURPOSE. See the
                                           ;  GNU General Public License for more details.
                                           ;
                                           ;  You should have received a copy of the GNU General Public License 
                                           ;  along with this library; see the file COPYING. If not, write to the
                                           ;  Free Software Foundation, 51 Franklin Street, Fifth Floor, Boston,
                                           ;   MA 02110-1301, USA.
                                           ;
                                           ;  As a special exception, if you link this library with other files,
                                           ;  some of which are compiled with SDCC, to produce an executable,
                                           ;  this library does not by itself cause the resulting executable to
                                           ;  be covered by the GNU General Public License. This exception does
                                           ;  not however invalidate any other reasons why the executable file
                                           ;  might be covered by the GNU General Public License.
                                           ;--------------------------------------------------------------------------
                                           
                                           #ifndef __P18FXXX__
                                           #define	__P18FXXX__	1
                                           
                                           
                                           		list	r=dec, n=96, st=off, mm=off
                                           
                                           	        nolist
                                           #endif
                                           ;--------------------------------------------------------------------------
                                           ;  p18fxxx.inc
                                           ;
                                           ;  Copyright (C) 2005, Vangelis Rokas <vrokas AT otenet.gr>
                                           ;
                                           ;  This library is free software; you can redistribute it and/or modify it
                                           ;  under the terms of the GNU General Public License as published by the
                                           ;  Free Software Foundation; either version 2, or (at your option) any
                                           ;  later version.
                                           ;
                                           ;  This library is distributed in the hope that it will be useful,
                                           ;  but WITHOUT ANY WARRANTY; without even the implied warranty of
                                           ;  MERCHANTABILITY or FITNESS FOR A PARTICULAR PURPOSE. See the
                                           ;  GNU General Public License for more details.
                                           ;
                                           ;  You should have received a copy of the GNU General Public License 
                                           ;  along with this library; see the file COPYING. If not, write to the
                                           ;  Free Software Foundation, 51 Franklin Street, Fifth Floor, Boston,
                                           ;   MA 02110-1301, USA.
                                           ;
                                           ;  As a special exception, if you link this library with other files,
                                           ;  some of which are compiled with SDCC, to produce an executable,
                                           ;  this library does not by itself cause the resulting executable to
                                           ;  be covered by the GNU General Public License. This exception does
                                           ;  not however invalidate any other reasons why the executable file
                                           ;  might be covered by the GNU General Public License.
                                           ;--------------------------------------------------------------------------
                                           
                                           #ifndef __P18FXXX__
                                           #define	__P18FXXX__	1
                                           
                                           
                                           		list	r=dec, n=96, st=off, mm=off
                                           
                                           	        nolist
                                           #endif
